<?xml version="1.0" encoding="UTF-8"?>
<!-- Generated by org.testng.reporters.JUnitReportReporter -->
<testsuite hostname="SCHATRADI-3W10" failures="0" tests="1" name="Test2.chromeTest2" time="5.575" errors="0" timestamp="2021-04-30T18:24:09 EDT" skipped="0">
  <testcase classname="Test2.chromeTest2" name="testChrome1" time="5.575"/>
  <system-out/>
</testsuite> <!-- Test2.chromeTest2 -->
